Performing C SOURCE FILE Test CMAKE_HAVE_LIBC_PTHREAD failed with the following output:
Change Dir: /home/vikroe/Documents/phasereconstruction/CUDAFiles/CMakeFiles/CMakeTmp

Run Build Command(s):/usr/bin/make cmTC_0b7dd/fast && /usr/bin/make  -f CMakeFiles/cmTC_0b7dd.dir/build.make CMakeFiles/cmTC_0b7dd.dir/build
make[1]: Entering directory '/home/vikroe/Documents/phasereconstruction/CUDAFiles/CMakeFiles/CMakeTmp'
Building C object CMakeFiles/cmTC_0b7dd.dir/src.c.o
/usr/bin/gcc-8 -DCMAKE_HAVE_LIBC_PTHREAD  -fPIC  -o CMakeFiles/cmTC_0b7dd.dir/src.c.o -c /home/vikroe/Documents/phasereconstruction/CUDAFiles/CMakeFiles/CMakeTmp/src.c
Linking C executable cmTC_0b7dd
/snap/cmake/805/bin/cmake -E cmake_link_script CMakeFiles/cmTC_0b7dd.dir/link.txt --verbose=1
/usr/bin/gcc-8 -fPIC  CMakeFiles/cmTC_0b7dd.dir/src.c.o -o cmTC_0b7dd 
/usr/bin/ld: CMakeFiles/cmTC_0b7dd.dir/src.c.o: in function `main':
src.c:(.text+0x46): undefined reference to `pthread_create'
/usr/bin/ld: src.c:(.text+0x52): undefined reference to `pthread_detach'
/usr/bin/ld: src.c:(.text+0x5e): undefined reference to `pthread_cancel'
/usr/bin/ld: src.c:(.text+0x6f): undefined reference to `pthread_join'
collect2: error: ld returned 1 exit status
make[1]: *** [CMakeFiles/cmTC_0b7dd.dir/build.make:106: cmTC_0b7dd] Error 1
make[1]: Leaving directory '/home/vikroe/Documents/phasereconstruction/CUDAFiles/CMakeFiles/CMakeTmp'
make: *** [Makefile:140: cmTC_0b7dd/fast] Error 2


Source file was:
#include <pthread.h>

static void* test_func(void* data)
{
  return data;
}

int main(void)
{
  pthread_t thread;
  pthread_create(&thread, NULL, test_func, NULL);
  pthread_detach(thread);
  pthread_cancel(thread);
  pthread_join(thread, NULL);
  pthread_atfork(NULL, NULL, NULL);
  pthread_exit(NULL);

  return 0;
}

Determining if the function pthread_create exists in the pthreads failed with the following output:
Change Dir: /home/vikroe/Documents/phasereconstruction/CUDAFiles/CMakeFiles/CMakeTmp

Run Build Command(s):/usr/bin/make cmTC_e5e9c/fast && /usr/bin/make  -f CMakeFiles/cmTC_e5e9c.dir/build.make CMakeFiles/cmTC_e5e9c.dir/build
make[1]: Entering directory '/home/vikroe/Documents/phasereconstruction/CUDAFiles/CMakeFiles/CMakeTmp'
Building C object CMakeFiles/cmTC_e5e9c.dir/CheckFunctionExists.c.o
/usr/bin/gcc-8   -fPIC -DCHECK_FUNCTION_EXISTS=pthread_create -o CMakeFiles/cmTC_e5e9c.dir/CheckFunctionExists.c.o -c /snap/cmake/805/share/cmake-3.19/Modules/CheckFunctionExists.c
Linking C executable cmTC_e5e9c
/snap/cmake/805/bin/cmake -E cmake_link_script CMakeFiles/cmTC_e5e9c.dir/link.txt --verbose=1
/usr/bin/gcc-8 -fPIC -DCHECK_FUNCTION_EXISTS=pthread_create CMakeFiles/cmTC_e5e9c.dir/CheckFunctionExists.c.o -o cmTC_e5e9c  -lpthreads 
/usr/bin/ld: cannot find -lpthreads
collect2: error: ld returned 1 exit status
make[1]: *** [CMakeFiles/cmTC_e5e9c.dir/build.make:106: cmTC_e5e9c] Error 1
make[1]: Leaving directory '/home/vikroe/Documents/phasereconstruction/CUDAFiles/CMakeFiles/CMakeTmp'
make: *** [Makefile:140: cmTC_e5e9c/fast] Error 2



